<?xml version="1.0" encoding="UTF-8"?>
<!-- Generated by org.testng.reporters.JUnitXMLReporter -->
<testsuite hostname="TYSS-Sumanth" ignored="0" name="chromeTest" tests="3" failures="0" timestamp="2022-07-19T17:56:24 IST" time="39.181" errors="0">
  <testcase name="searchOrg" time="1.251" classname="configurationAnnotations.TC_Search_001"/>
  <testcase name="searchOrg" time="0.218" classname="configurationAnnotations.TC_Search_002"/>
  <testcase name="searchOrg" time="2.06" classname="configurationAnnotations.TC_Search_003"/>
</testsuite> <!-- chromeTest -->
