<?xml version="1.0" encoding="UTF-8"?>
<!-- Generated by org.testng.reporters.JUnitXMLReporter -->
<testsuite hostname="TYSS-Sumanth" ignored="0" name="edgeTest" tests="3" failures="0" timestamp="2022-07-19T17:56:24 IST" time="38.999" errors="0">
  <testcase name="searchOrg" time="0.122" classname="configurationAnnotations.TC_Search_001"/>
  <testcase name="searchOrg" time="0.292" classname="configurationAnnotations.TC_Search_002"/>
  <testcase name="searchOrg" time="0.57" classname="configurationAnnotations.TC_Search_003"/>
</testsuite> <!-- edgeTest -->
